<?xml version="1.0" encoding="UTF-8"?>
<testsuite xmlns:xsi="http://www.w3.org/2001/XMLSchema-instance" xsi:noNamespaceSchemaLocation="https://maven.apache.org/surefire/maven-surefire-plugin/xsd/surefire-test-report-3.0.xsd" version="3.0" name="StepsDefinitions.TestRunner" time="24.302" tests="1" errors="0" skipped="0" failures="0">
  <properties>
[...]
</properties>
  <testcase name="[Delete a POST]" classname="Google test Scenarios General Purpose" time="23.905">
    <system-out><![CDATA[
@test
Scenario Outline: [Delete a POST]                # features/Mastodon.feature:84
  Given browser launches successfully            # StepsDefinitions.MastodonStepDefs.browser_launches_successfully()
  And User enter "Mastodon social"               # StepsDefinitions.MastodonStepDefs.enterSearchCriteria(java.lang.String)
  And "User" clicks stay signed out option       # StepsDefinitions.MastodonStepDefs.clearIframe(java.lang.String)
  And "User" clicks enter to begin search        # StepsDefinitions.MastodonStepDefs.clicksEnterToStartSearch(java.lang.String)
  Then Search is Verified "Mastodon social"      # StepsDefinitions.MastodonStepDefs.searchIsVerified(java.lang.String)
  And mastodon social option is click            # StepsDefinitions.MastodonStepDefs.mastodonSocialOptionIsClick()
  And Log in to mastodon "<Email>" "<Password>"  # StepsDefinitions.MastodonStepDefs.logInToMastodon(java.lang.String,java.lang.String)
  And post something "Hi everyone Happy to join" # StepsDefinitions.MastodonStepDefs.postSomething(java.lang.String)
  Then "user" clicks publish button              # StepsDefinitions.MastodonStepDefs.clicksPublishButton(java.lang.String)
  Then Post is deleted                           # StepsDefinitions.MastodonStepDefs.postIsDeleted()
]]></system-out>
    <system-err><![CDATA[Starting ChromeDriver 115.0.5790.102 (90efd4b0ad6aa15eeafcdabd5817ae939f7ba059-refs/branch-heads/5790_90@{#9}) on port 24730
Only local connections are allowed.
Please see https://chromedriver.chromium.org/security-considerations for suggestions on keeping ChromeDriver safe.
ChromeDriver was started successfully.
Aug 14, 2023 2:32:14 PM org.openqa.selenium.remote.ProtocolHandshake createSession
INFO: Detected dialect: W3C
]]></system-err>
  </testcase>
</testsuite>